TN:
SF:src/app/endPageCard.tsx
FN:16,EndPageCard
FNF:1
FNH:1
FNDA:3,EndPageCard
DA:1,1
DA:2,1
DA:3,1
DA:4,1
DA:5,1
DA:6,1
DA:7,1
DA:8,1
DA:9,1
DA:10,1
DA:11,1
DA:12,1
DA:13,1
DA:14,1
DA:15,1
DA:16,1
DA:17,3
DA:18,3
DA:19,3
DA:20,3
DA:21,3
DA:22,3
DA:23,3
DA:24,3
DA:25,1
DA:26,1
DA:27,1
DA:28,1
DA:29,1
DA:30,1
DA:31,1
DA:32,1
DA:33,3
DA:34,3
DA:35,3
DA:36,3
DA:37,3
DA:38,3
DA:39,3
DA:40,3
DA:41,3
DA:42,3
DA:43,3
DA:44,3
DA:45,3
DA:46,3
DA:47,3
DA:48,3
DA:49,3
DA:50,3
DA:51,3
DA:52,3
DA:53,3
DA:54,3
DA:55,3
DA:56,3
DA:57,3
DA:58,3
DA:59,3
DA:60,3
DA:61,3
DA:62,3
DA:63,3
DA:64,3
DA:65,3
DA:66,3
DA:67,3
DA:68,3
DA:69,3
DA:70,3
DA:71,3
DA:72,3
DA:73,0
DA:74,0
DA:75,3
DA:76,3
DA:77,3
DA:78,3
DA:79,3
DA:80,3
DA:81,3
DA:82,3
DA:83,3
DA:84,3
DA:85,3
DA:86,3
DA:87,3
DA:88,3
DA:89,3
DA:90,3
DA:91,3
DA:92,3
DA:93,3
DA:94,3
DA:95,3
DA:96,3
DA:97,3
DA:98,3
DA:99,3
DA:100,3
DA:101,1
DA:102,1
LF:102
LH:100
BRDA:16,0,0,3
BRDA:24,1,0,1
BRDA:29,2,0,1
BRDA:50,3,0,2
BRF:4
BRH:4
end_of_record
TN:
SF:src/app/gameModeCard.tsx
FN:18,GameModeCard
FN:39,addPlayer
FN:45,removePlayer
FN:53,onPlayerChange
FN:60,startGame
FN:78,onClick
FN:84,onClick
FN:105,onChange
FN:108,onClick
FNF:9
FNH:7
FNDA:17,GameModeCard
FNDA:2,addPlayer
FNDA:1,removePlayer
FNDA:4,onPlayerChange
FNDA:2,startGame
FNDA:0,onClick
FNDA:0,onClick
FNDA:4,onChange
FNDA:1,onClick
DA:1,1
DA:2,1
DA:3,1
DA:4,1
DA:5,1
DA:6,1
DA:7,1
DA:8,1
DA:9,1
DA:10,1
DA:11,1
DA:12,1
DA:13,1
DA:14,1
DA:15,1
DA:16,1
DA:17,1
DA:18,1
DA:19,17
DA:20,17
DA:21,17
DA:22,17
DA:23,17
DA:24,17
DA:25,17
DA:26,17
DA:27,5
DA:28,5
DA:29,5
DA:30,0
DA:31,0
DA:32,0
DA:33,0
DA:34,5
DA:35,17
DA:36,17
DA:37,17
DA:38,17
DA:39,17
DA:40,2
DA:41,2
DA:42,2
DA:43,17
DA:44,17
DA:45,17
DA:46,1
DA:47,1
DA:48,1
DA:49,1
DA:50,1
DA:51,17
DA:52,17
DA:53,17
DA:54,4
DA:55,4
DA:56,4
DA:57,4
DA:58,17
DA:59,17
DA:60,17
DA:61,2
DA:62,2
DA:63,0
DA:64,0
DA:65,2
DA:66,2
DA:67,2
DA:68,17
DA:69,17
DA:70,17
DA:71,17
DA:72,17
DA:73,17
DA:74,17
DA:75,17
DA:76,17
DA:77,17
DA:78,17
DA:79,0
DA:80,17
DA:81,17
DA:82,17
DA:83,17
DA:84,17
DA:85,0
DA:86,17
DA:87,17
DA:88,17
DA:89,17
DA:90,17
DA:91,17
DA:92,17
DA:93,17
DA:94,19
DA:95,19
DA:96,19
DA:97,19
DA:98,19
DA:99,19
DA:100,19
DA:101,19
DA:102,19
DA:103,19
DA:104,19
DA:105,19
DA:106,19
DA:107,19
DA:108,19
DA:109,19
DA:110,19
DA:111,19
DA:112,19
DA:113,17
DA:114,17
DA:115,17
DA:116,17
DA:117,17
DA:118,17
DA:119,17
DA:120,17
DA:121,17
DA:122,17
DA:123,17
DA:124,17
DA:125,17
DA:126,17
DA:127,17
DA:128,17
DA:129,17
DA:130,17
DA:131,17
DA:132,17
DA:133,17
DA:134,17
DA:135,17
DA:136,17
DA:137,17
DA:138,17
DA:139,17
DA:140,17
DA:141,17
DA:142,1
DA:143,1
LF:143
LH:135
BRDA:18,0,0,17
BRDA:77,1,0,0
BRDA:83,2,0,0
BRDA:26,3,0,5
BRDA:29,4,0,0
BRDA:39,5,0,2
BRDA:40,6,0,0
BRDA:45,7,0,1
BRDA:46,8,0,0
BRDA:53,9,0,4
BRDA:60,10,0,2
BRDA:62,11,0,0
BRDA:93,12,0,19
BRDA:103,13,0,12
BRDA:103,14,0,7
BRDA:105,15,0,4
BRDA:108,16,0,1
BRF:17
BRH:11
end_of_record
TN:
SF:src/app/page.tsx
FN:11,Home
FN:39,startGame
FN:52,endGame
FN:63,changePlayers
FN:71,restartGame
FNF:5
FNH:3
FNDA:8,Home
FNDA:2,startGame
FNDA:1,endGame
FNDA:0,changePlayers
FNDA:0,restartGame
DA:1,1
DA:2,1
DA:3,1
DA:4,1
DA:5,1
DA:6,1
DA:7,1
DA:8,1
DA:9,1
DA:10,1
DA:11,1
DA:12,8
DA:13,8
DA:14,8
DA:15,8
DA:16,8
DA:17,4
DA:18,4
DA:19,4
DA:20,4
DA:21,4
DA:22,4
DA:23,4
DA:24,4
DA:25,4
DA:26,4
DA:27,4
DA:28,4
DA:29,4
DA:30,4
DA:31,4
DA:32,8
DA:33,8
DA:34,8
DA:35,8
DA:36,8
DA:37,8
DA:38,8
DA:39,8
DA:40,2
DA:41,2
DA:42,2
DA:43,2
DA:44,2
DA:45,2
DA:46,2
DA:47,8
DA:48,8
DA:49,8
DA:50,8
DA:51,8
DA:52,8
DA:53,1
DA:54,1
DA:55,1
DA:56,1
DA:57,1
DA:58,8
DA:59,8
DA:60,8
DA:61,8
DA:62,8
DA:63,8
DA:64,0
DA:65,0
DA:66,8
DA:67,8
DA:68,8
DA:69,8
DA:70,8
DA:71,8
DA:72,0
DA:73,0
DA:74,0
DA:75,8
DA:76,8
DA:77,8
DA:78,8
DA:79,8
DA:80,8
DA:81,8
DA:82,8
DA:83,8
DA:84,8
DA:85,8
DA:86,8
LF:86
LH:81
BRDA:11,0,0,8
BRDA:16,1,0,4
BRDA:39,2,0,2
BRDA:52,3,0,1
BRDA:55,4,0,1
BRF:5
BRH:5
end_of_record
TN:
SF:src/app/yahtzeeGame.tsx
FN:19,YahtzeeGame
FN:49,rollDice
FN:74,handleScoreSelect
FN:88,handleAutofill
FN:99,resetGame
FN:110,changePlayersAndReset
FNF:6
FNH:2
FNDA:7,YahtzeeGame
FNDA:0,rollDice
FNDA:0,handleScoreSelect
FNDA:1,handleAutofill
FNDA:0,resetGame
FNDA:0,changePlayersAndReset
DA:1,1
DA:2,1
DA:3,1
DA:4,1
DA:5,1
DA:6,1
DA:7,1
DA:8,1
DA:9,1
DA:10,1
DA:11,1
DA:12,1
DA:13,1
DA:14,1
DA:15,1
DA:16,1
DA:17,1
DA:18,1
DA:19,1
DA:20,7
DA:21,7
DA:22,7
DA:23,7
DA:24,7
DA:25,7
DA:26,7
DA:27,7
DA:28,7
DA:29,7
DA:30,7
DA:31,2
DA:32,2
DA:33,2
DA:34,2
DA:35,2
DA:36,7
DA:37,7
DA:38,7
DA:39,7
DA:40,7
DA:41,7
DA:42,4
DA:43,7
DA:44,7
DA:45,7
DA:46,7
DA:47,7
DA:48,7
DA:49,7
DA:50,0
DA:51,0
DA:52,0
DA:53,0
DA:54,0
DA:55,0
DA:56,0
DA:57,0
DA:58,0
DA:59,0
DA:60,0
DA:61,0
DA:62,0
DA:63,0
DA:64,0
DA:65,0
DA:66,0
DA:67,0
DA:68,7
DA:69,7
DA:70,7
DA:71,7
DA:72,7
DA:73,7
DA:74,7
DA:75,0
DA:76,0
DA:77,0
DA:78,0
DA:79,0
DA:80,0
DA:81,0
DA:82,0
DA:83,0
DA:84,7
DA:85,7
DA:86,7
DA:87,7
DA:88,7
DA:89,1
DA:90,1
DA:91,1
DA:92,1
DA:93,1
DA:94,1
DA:95,7
DA:96,7
DA:97,7
DA:98,7
DA:99,7
DA:100,0
DA:101,0
DA:102,0
DA:103,0
DA:104,0
DA:105,7
DA:106,7
DA:107,7
DA:108,7
DA:109,7
DA:110,7
DA:111,0
DA:112,0
DA:113,0
DA:114,7
DA:115,7
DA:116,2
DA:117,2
DA:118,4
DA:119,4
DA:120,4
DA:121,4
DA:122,4
DA:123,4
DA:124,4
DA:125,4
DA:126,4
DA:127,4
DA:128,4
DA:129,4
DA:130,4
DA:131,4
DA:132,4
DA:133,4
DA:134,4
DA:135,4
DA:136,4
DA:137,4
DA:138,4
DA:139,4
DA:140,4
DA:141,4
DA:142,1
DA:143,1
LF:143
LH:108
BRDA:19,0,0,7
BRDA:115,1,0,2
BRDA:117,2,0,4
BRDA:30,3,0,2
BRDA:41,4,0,4
BRDA:88,5,0,1
BRDA:89,6,0,1
BRF:7
BRH:7
end_of_record
TN:
SF:src/app/components/board.tsx
FN:13,Board
FN:21,renderCategoryName
FN:33,renderScoreCell
FN:57,onClick
FN:82,renderTotalScoreCell
FNF:5
FNH:4
FNDA:14,Board
FNDA:52,renderCategoryName
FNDA:52,renderScoreCell
FNDA:0,onClick
FNDA:12,renderTotalScoreCell
DA:1,1
DA:2,1
DA:3,1
DA:4,1
DA:5,1
DA:6,1
DA:7,1
DA:8,1
DA:9,1
DA:10,1
DA:11,1
DA:12,1
DA:13,1
DA:14,14
DA:15,14
DA:16,14
DA:17,14
DA:18,14
DA:19,14
DA:20,14
DA:21,14
DA:22,52
DA:23,52
DA:24,52
DA:25,52
DA:26,14
DA:27,14
DA:28,14
DA:29,14
DA:30,14
DA:31,14
DA:32,14
DA:33,14
DA:34,52
DA:35,52
DA:36,52
DA:37,52
DA:38,52
DA:39,52
DA:40,52
DA:41,52
DA:42,52
DA:43,52
DA:44,52
DA:45,52
DA:46,52
DA:47,52
DA:48,52
DA:49,52
DA:50,52
DA:51,52
DA:52,0
DA:53,0
DA:54,0
DA:55,0
DA:56,0
DA:57,0
DA:58,0
DA:59,0
DA:60,0
DA:61,0
DA:62,0
DA:63,0
DA:64,0
DA:65,0
DA:66,0
DA:67,0
DA:68,0
DA:69,0
DA:70,0
DA:71,0
DA:72,0
DA:73,0
DA:74,52
DA:75,14
DA:76,14
DA:77,14
DA:78,14
DA:79,14
DA:80,14
DA:81,14
DA:82,14
DA:83,12
DA:84,12
DA:85,4
DA:86,12
DA:87,4
DA:88,4
DA:89,4
DA:90,4
DA:91,12
DA:92,12
DA:93,12
DA:94,12
DA:95,12
DA:96,12
DA:97,12
DA:98,12
DA:99,12
DA:100,12
DA:101,12
DA:102,12
DA:103,12
DA:104,12
DA:105,14
DA:106,14
DA:107,14
DA:108,14
DA:109,14
DA:110,14
DA:111,14
DA:112,14
DA:113,14
DA:114,14
DA:115,14
DA:116,14
DA:117,14
DA:118,14
DA:119,14
DA:120,14
DA:121,14
DA:122,14
DA:123,14
DA:124,14
DA:125,14
DA:126,14
DA:127,14
DA:128,14
DA:129,14
DA:130,14
DA:131,52
DA:132,14
DA:133,14
DA:134,52
DA:135,14
DA:136,14
DA:137,14
DA:138,14
DA:139,12
DA:140,14
DA:141,14
DA:142,12
DA:143,14
DA:144,14
DA:145,14
DA:146,14
DA:147,14
DA:148,14
DA:149,14
DA:150,14
DA:151,14
DA:152,14
DA:153,14
DA:154,14
DA:155,14
DA:156,14
DA:157,14
DA:158,14
DA:159,14
DA:160,14
DA:161,14
DA:162,14
DA:163,1
DA:164,1
LF:164
LH:142
BRDA:13,0,0,14
BRDA:21,1,0,52
BRDA:23,2,0,0
BRDA:33,3,0,52
BRDA:43,4,0,0
BRDA:44,5,0,0
BRDA:44,6,0,0
BRDA:44,7,0,0
BRDA:51,8,0,0
BRDA:82,9,0,12
BRDA:84,10,0,4
BRDA:86,11,0,8
BRDA:86,12,0,4
BRDA:93,13,0,0
BRDA:130,14,0,52
BRDA:133,15,0,52
BRDA:138,16,0,12
BRDA:141,17,0,12
BRF:18
BRH:11
end_of_record
TN:
SF:src/app/components/dice_row.tsx
FN:12,DiceRow
FN:26,handleDiceClick
FN:80,onClick
FN:91,onClick
FNF:4
FNH:1
FNDA:4,DiceRow
FNDA:0,handleDiceClick
FNDA:0,onClick
FNDA:0,onClick
DA:1,1
DA:2,1
DA:3,1
DA:4,1
DA:5,1
DA:6,1
DA:7,1
DA:8,1
DA:9,1
DA:10,1
DA:11,1
DA:12,1
DA:13,4
DA:14,4
DA:15,4
DA:16,4
DA:17,2
DA:18,4
DA:19,4
DA:20,4
DA:21,4
DA:22,2
DA:23,4
DA:24,4
DA:25,4
DA:26,4
DA:27,0
DA:28,0
DA:29,0
DA:30,0
DA:31,0
DA:32,4
DA:33,4
DA:34,4
DA:35,4
DA:36,4
DA:37,4
DA:38,4
DA:39,4
DA:40,4
DA:41,4
DA:42,4
DA:43,4
DA:44,4
DA:45,4
DA:46,4
DA:47,4
DA:48,4
DA:49,4
DA:50,4
DA:51,4
DA:52,4
DA:53,4
DA:54,4
DA:55,4
DA:56,4
DA:57,4
DA:58,4
DA:59,4
DA:60,4
DA:61,4
DA:62,4
DA:63,4
DA:64,4
DA:65,4
DA:66,4
DA:67,4
DA:68,4
DA:69,4
DA:70,4
DA:71,4
DA:72,4
DA:73,4
DA:74,4
DA:75,4
DA:76,4
DA:77,4
DA:78,20
DA:79,20
DA:80,4
DA:81,4
DA:82,4
DA:83,4
DA:84,4
DA:85,4
DA:86,4
DA:87,4
DA:88,4
DA:89,4
DA:90,4
DA:91,4
DA:92,4
DA:93,4
DA:94,4
DA:95,4
DA:96,4
DA:97,4
DA:98,4
DA:99,1
DA:100,1
LF:100
LH:95
BRDA:12,0,0,4
BRDA:16,1,0,2
BRDA:21,2,0,2
BRDA:51,3,0,12
BRDA:54,4,0,0
BRDA:77,5,0,20
BRDA:81,6,0,0
BRDA:82,7,0,0
BRDA:85,8,0,0
BRF:9
BRH:5
end_of_record
TN:
SF:src/app/components/nav.tsx
FN:4,Nav
FNF:1
FNH:1
FNDA:7,Nav
DA:1,1
DA:2,1
DA:3,1
DA:4,1
DA:5,7
DA:6,7
DA:7,7
DA:8,7
DA:9,7
DA:10,7
DA:11,7
DA:12,7
DA:13,7
DA:14,7
DA:15,7
DA:16,7
DA:17,7
DA:18,7
DA:19,7
DA:20,1
DA:21,1
LF:21
LH:21
BRDA:4,0,0,7
BRF:1
BRH:1
end_of_record
TN:
SF:src/models/dice.ts
FN:29,Dice
FN:40,rollDice
FN:50,rollDiceByIndex
FNF:3
FNH:1
FNDA:8,Dice
FNDA:0,rollDice
FNDA:0,rollDiceByIndex
DA:1,1
DA:2,1
DA:3,1
DA:4,1
DA:5,1
DA:6,1
DA:7,1
DA:8,1
DA:9,1
DA:10,1
DA:11,1
DA:12,1
DA:13,1
DA:14,1
DA:15,1
DA:16,1
DA:17,1
DA:18,1
DA:19,1
DA:20,1
DA:21,1
DA:22,1
DA:23,1
DA:24,1
DA:25,1
DA:26,1
DA:27,1
DA:28,1
DA:29,1
DA:30,8
DA:31,0
DA:32,8
DA:33,8
DA:34,8
DA:35,8
DA:36,1
DA:37,1
DA:38,1
DA:39,1
DA:40,1
DA:41,0
DA:42,0
DA:43,0
DA:44,0
DA:45,1
DA:46,1
DA:47,1
DA:48,1
DA:49,1
DA:50,1
DA:51,0
DA:52,0
DA:53,0
DA:54,0
DA:55,0
DA:56,0
DA:57,0
DA:58,1
LF:58
LH:46
BRDA:29,0,0,8
BRDA:30,1,0,0
BRF:2
BRH:1
end_of_record
TN:
SF:src/models/enums.ts
FNF:0
FNH:0
DA:1,1
DA:2,1
DA:3,1
DA:4,1
DA:5,1
DA:6,1
DA:7,1
DA:8,1
DA:9,1
DA:10,1
DA:11,1
DA:12,1
DA:13,1
DA:14,1
DA:15,1
DA:16,1
DA:17,1
DA:18,1
DA:19,1
DA:20,1
DA:21,1
DA:22,1
DA:23,1
DA:24,1
DA:25,1
DA:26,1
DA:27,1
DA:28,1
DA:29,1
DA:30,1
DA:31,1
DA:32,1
DA:33,1
DA:34,1
DA:35,1
DA:36,1
DA:37,1
DA:38,1
DA:39,1
DA:40,1
DA:41,1
DA:42,1
LF:42
LH:42
BRDA:6,0,0,2
BRDA:26,1,0,2
BRDA:38,2,0,2
BRF:3
BRH:3
end_of_record
TN:
SF:src/models/localPlayers.ts
FN:51,LocalPlayers
FN:69,nextTurn
FN:78,isPlayersTurn
FN:85,getCurrentPlayer
FN:93,clearScores
FN:104,getIsGameOver
FN:111,randomizeTurns
FNF:7
FNH:4
FNDA:8,LocalPlayers
FNDA:0,nextTurn
FNDA:116,isPlayersTurn
FNDA:56,getCurrentPlayer
FNDA:0,clearScores
FNDA:0,getIsGameOver
FNDA:2,randomizeTurns
DA:1,1
DA:2,1
DA:3,1
DA:4,1
DA:5,1
DA:6,1
DA:7,1
DA:8,1
DA:9,1
DA:10,1
DA:11,1
DA:12,1
DA:13,1
DA:14,1
DA:15,1
DA:16,1
DA:17,1
DA:18,1
DA:19,1
DA:20,1
DA:21,1
DA:22,1
DA:23,1
DA:24,1
DA:25,1
DA:26,1
DA:27,1
DA:28,1
DA:29,1
DA:30,1
DA:31,1
DA:32,1
DA:33,1
DA:34,1
DA:35,1
DA:36,1
DA:37,1
DA:38,1
DA:39,1
DA:40,1
DA:41,1
DA:42,1
DA:43,1
DA:44,1
DA:45,1
DA:46,1
DA:47,1
DA:48,1
DA:49,1
DA:50,1
DA:51,1
DA:52,8
DA:53,8
DA:54,8
DA:55,8
DA:56,0
DA:57,0
DA:58,8
DA:59,0
DA:60,0
DA:61,8
DA:62,2
DA:63,2
DA:64,8
DA:65,1
DA:66,1
DA:67,1
DA:68,1
DA:69,1
DA:70,0
DA:71,0
DA:72,0
DA:73,1
DA:74,1
DA:75,1
DA:76,1
DA:77,1
DA:78,1
DA:79,116
DA:80,116
DA:81,1
DA:82,1
DA:83,1
DA:84,1
DA:85,1
DA:86,56
DA:87,56
DA:88,1
DA:89,1
DA:90,1
DA:91,1
DA:92,1
DA:93,1
DA:94,0
DA:95,0
DA:96,0
DA:97,0
DA:98,0
DA:99,0
DA:100,1
DA:101,1
DA:102,1
DA:103,1
DA:104,1
DA:105,0
DA:106,0
DA:107,1
DA:108,1
DA:109,1
DA:110,1
DA:111,1
DA:112,2
DA:113,0
DA:114,0
DA:115,0
DA:116,2
DA:117,1
LF:117
LH:99
BRDA:51,0,0,8
BRDA:55,1,0,0
BRDA:58,2,0,0
BRDA:61,3,0,2
BRDA:78,4,0,116
BRDA:85,5,0,56
BRDA:111,6,0,2
BRDA:112,7,0,0
BRF:8
BRH:5
end_of_record
TN:
SF:src/models/player.ts
FN:24,Player
FNF:1
FNH:1
FNDA:2,Player
DA:1,1
DA:2,1
DA:3,1
DA:4,1
DA:5,1
DA:6,1
DA:7,1
DA:8,1
DA:9,1
DA:10,1
DA:11,1
DA:12,1
DA:13,1
DA:14,1
DA:15,1
DA:16,1
DA:17,1
DA:18,1
DA:19,1
DA:20,1
DA:21,1
DA:22,1
DA:23,1
DA:24,1
DA:25,2
DA:26,2
DA:27,2
DA:28,1
LF:28
LH:28
BRDA:24,0,0,2
BRDA:26,1,0,0
BRF:2
BRH:1
end_of_record
TN:
SF:src/models/scoreEvaluator.ts
FN:27,ScoreEvaluator
FN:52,getCounts
FN:64,getSum
FN:77,calculateTopScores
FN:86,calculateNOfAKind
FN:99,calculateFullHouse
FN:114,calculateStraights
FN:131,calculateYahtzee
FNF:8
FNH:8
FNDA:10,ScoreEvaluator
FNDA:10,getCounts
FNDA:10,getSum
FNDA:60,calculateTopScores
FNDA:20,calculateNOfAKind
FNDA:10,calculateFullHouse
FNDA:20,calculateStraights
FNDA:10,calculateYahtzee
DA:1,1
DA:2,1
DA:3,1
DA:4,1
DA:5,1
DA:6,1
DA:7,1
DA:8,1
DA:9,1
DA:10,1
DA:11,1
DA:12,1
DA:13,1
DA:14,1
DA:15,1
DA:16,1
DA:17,1
DA:18,1
DA:19,1
DA:20,1
DA:21,1
DA:22,1
DA:23,1
DA:24,1
DA:25,1
DA:26,1
DA:27,1
DA:28,10
DA:29,10
DA:30,10
DA:31,10
DA:32,10
DA:33,10
DA:34,10
DA:35,10
DA:36,10
DA:37,10
DA:38,10
DA:39,10
DA:40,10
DA:41,10
DA:42,10
DA:43,10
DA:44,10
DA:45,10
DA:46,10
DA:47,1
DA:48,1
DA:49,1
DA:50,1
DA:51,1
DA:52,1
DA:53,10
DA:54,10
DA:55,50
DA:56,50
DA:57,10
DA:58,10
DA:59,1
DA:60,1
DA:61,1
DA:62,1
DA:63,1
DA:64,1
DA:65,10
DA:66,10
DA:67,50
DA:68,50
DA:69,10
DA:70,10
DA:71,1
DA:72,1
DA:73,1
DA:74,1
DA:75,1
DA:76,1
DA:77,1
DA:78,60
DA:79,60
DA:80,1
DA:81,1
DA:82,1
DA:83,1
DA:84,1
DA:85,1
DA:86,1
DA:87,20
DA:88,20
DA:89,20
DA:90,20
DA:91,20
DA:92,0
DA:93,0
DA:94,1
DA:95,1
DA:96,1
DA:97,1
DA:98,1
DA:99,1
DA:100,10
DA:101,10
DA:102,10
DA:103,10
DA:104,10
DA:105,10
DA:106,10
DA:107,10
DA:108,1
DA:109,1
DA:110,1
DA:111,1
DA:112,1
DA:113,1
DA:114,1
DA:115,20
DA:116,20
DA:117,120
DA:118,0
DA:119,0
DA:120,120
DA:121,120
DA:122,120
DA:123,120
DA:124,20
DA:125,20
DA:126,1
DA:127,1
DA:128,1
DA:129,1
DA:130,1
DA:131,1
DA:132,10
DA:133,0
DA:134,0
DA:135,0
DA:136,0
DA:137,0
DA:138,1
LF:138
LH:129
BRDA:27,0,0,10
BRDA:52,1,0,10
BRDA:54,2,0,50
BRDA:55,3,0,10
BRDA:64,4,0,10
BRDA:66,5,0,50
BRDA:77,6,0,60
BRDA:86,7,0,20
BRDA:91,8,0,0
BRDA:99,9,0,10
BRDA:103,10,0,0
BRDA:104,11,0,0
BRDA:106,12,0,0
BRDA:106,13,0,0
BRDA:114,14,0,20
BRDA:116,15,0,120
BRDA:117,16,0,0
BRDA:131,17,0,10
BRDA:132,18,0,0
BRF:19
BRH:12
end_of_record
TN:
SF:src/models/scorecard.ts
FN:46,Scorecard
FN:80,addScore
FN:98,setTotalScore
FNF:3
FNH:2
FNDA:2,Scorecard
FNDA:0,addScore
FNDA:1,setTotalScore
DA:1,1
DA:2,1
DA:3,1
DA:4,1
DA:5,1
DA:6,1
DA:7,1
DA:8,1
DA:9,1
DA:10,1
DA:11,1
DA:12,1
DA:13,1
DA:14,1
DA:15,1
DA:16,1
DA:17,1
DA:18,1
DA:19,1
DA:20,1
DA:21,1
DA:22,1
DA:23,1
DA:24,1
DA:25,1
DA:26,1
DA:27,1
DA:28,1
DA:29,1
DA:30,1
DA:31,1
DA:32,1
DA:33,1
DA:34,1
DA:35,1
DA:36,1
DA:37,1
DA:38,1
DA:39,1
DA:40,1
DA:41,1
DA:42,1
DA:43,1
DA:44,1
DA:45,1
DA:46,1
DA:47,2
DA:48,0
DA:49,0
DA:50,0
DA:51,0
DA:52,2
DA:53,2
DA:54,2
DA:55,2
DA:56,2
DA:57,2
DA:58,2
DA:59,2
DA:60,2
DA:61,2
DA:62,2
DA:63,2
DA:64,2
DA:65,2
DA:66,2
DA:67,2
DA:68,2
DA:69,2
DA:70,2
DA:71,2
DA:72,2
DA:73,2
DA:74,1
DA:75,1
DA:76,1
DA:77,1
DA:78,1
DA:79,1
DA:80,1
DA:81,0
DA:82,0
DA:83,0
DA:84,0
DA:85,0
DA:86,0
DA:87,0
DA:88,0
DA:89,0
DA:90,0
DA:91,0
DA:92,0
DA:93,0
DA:94,0
DA:95,0
DA:96,0
DA:97,1
DA:98,1
DA:99,1
DA:100,1
DA:101,1
LF:101
LH:81
BRDA:46,0,0,2
BRDA:47,1,0,0
BRDA:98,2,0,1
BRF:3
BRH:2
end_of_record
